[1228/131027:ERROR:renderer_main.cc(203)] Running without renderer sandbox
[1228/131028:ERROR:child_discardable_shared_memory_manager.cc(266)] size: 4194304
[1228/131028:ERROR:child_discardable_shared_memory_manager.cc(266)] size: 4194304
[1228/131029:INFO:CONSOLE(0)] "Synchronous XMLHttpRequest on the main thread is deprecated because of its detrimental effects to the end user's experience. For more help, check http://xhr.spec.whatwg.org/.", source:  (0)
[1228/131032:INFO:CONSOLE(112)] "Uncaught RangeError: Maximum call stack size exceeded", source:  (112)
[1228/131037:INFO:CONSOLE(0)] "Creating Application Cache with manifest https://note.youdao.com/md/index.appcache", source: https://note.youdao.com/share/?id=aedc9d8ae81aa22c6b3d8d73854d8979&type=note#/ (0)
[1228/131037:INFO:CONSOLE(0)] "Application Cache Checking event", source: https://note.youdao.com/share/?id=aedc9d8ae81aa22c6b3d8d73854d8979&type=note#/ (0)
[1228/131037:INFO:CONSOLE(0)] "Application Cache Downloading event", source: https://note.youdao.com/share/?id=aedc9d8ae81aa22c6b3d8d73854d8979&type=note#/ (0)
[1228/131040:INFO:CONSOLE(0)] "Application Cache Progress event (0 of 5) https://note.youdao.com/md/c2d47491bbece7bcb5c3-preview.js", source: https://note.youdao.com/share/?id=aedc9d8ae81aa22c6b3d8d73854d8979&type=note#/ (0)
[1228/131040:INFO:CONSOLE(0)] "Application Cache Progress event (1 of 5) https://note.youdao.com/md/markdown-core.worker.js", source: https://note.youdao.com/share/?id=aedc9d8ae81aa22c6b3d8d73854d8979&type=note#/ (0)
[1228/131040:INFO:CONSOLE(0)] "Application Cache Progress event (2 of 5) https://note.youdao.com/md/310450a09083d6165b63-diff.js", source: https://note.youdao.com/share/?id=aedc9d8ae81aa22c6b3d8d73854d8979&type=note#/ (0)
[1228/131040:INFO:CONSOLE(0)] "Application Cache Progress event (3 of 5) https://note.youdao.com/md/htmldiff.js", source: https://note.youdao.com/share/?id=aedc9d8ae81aa22c6b3d8d73854d8979&type=note#/ (0)
[1228/131042:INFO:CONSOLE(58)] "Uncaught TypeError: S.findIndex is not a function", source: https://note.youdao.com/md/c2d47491bbece7bcb5c3-preview.js (58)
[1228/131044:INFO:CONSOLE(0)] "Application Cache Progress event (4 of 5) https://note.youdao.com/md/3497089e775047d32e01-index.js", source: https://note.youdao.com/share/?id=aedc9d8ae81aa22c6b3d8d73854d8979&type=note#/ (0)
[1228/131044:INFO:CONSOLE(0)] "Application Cache Progress event (5 of 5) ", source: https://note.youdao.com/share/?id=aedc9d8ae81aa22c6b3d8d73854d8979&type=note#/ (0)
[1228/131044:INFO:CONSOLE(0)] "Application Cache Cached event", source: https://note.youdao.com/share/?id=aedc9d8ae81aa22c6b3d8d73854d8979&type=note#/ (0)
[1228/131107:INFO:CONSOLE(378)] "Uncaught SyntaxError: Unexpected token <", source: webpack:///./~/raven-js/src/raven.js? (378)
[1228/131648:ERROR:renderer_main.cc(203)] Running without renderer sandbox
[1228/131648:ERROR:child_discardable_shared_memory_manager.cc(266)] size: 4194304
[1228/131648:ERROR:child_discardable_shared_memory_manager.cc(266)] size: 4194304
[1228/131649:INFO:CONSOLE(0)] "Synchronous XMLHttpRequest on the main thread is deprecated because of its detrimental effects to the end user's experience. For more help, check http://xhr.spec.whatwg.org/.", source:  (0)
[1228/131652:INFO:CONSOLE(112)] "Uncaught RangeError: Maximum call stack size exceeded", source:  (112)
[1228/131657:INFO:CONSOLE(0)] "Document was loaded from Application Cache with manifest https://note.youdao.com/md/index.appcache", source: https://note.youdao.com/share/?id=aedc9d8ae81aa22c6b3d8d73854d8979&type=note#/ (0)
[1228/131657:INFO:CONSOLE(0)] "Application Cache Checking event", source: https://note.youdao.com/share/?id=aedc9d8ae81aa22c6b3d8d73854d8979&type=note#/ (0)
[1228/131657:INFO:CONSOLE(0)] "Application Cache NoUpdate event", source: https://note.youdao.com/share/?id=aedc9d8ae81aa22c6b3d8d73854d8979&type=note#/ (0)
[1228/131659:INFO:CONSOLE(58)] "Uncaught TypeError: S.findIndex is not a function", source: https://note.youdao.com/md/c2d47491bbece7bcb5c3-preview.js (58)
[1229/130017:ERROR:renderer_main.cc(203)] Running without renderer sandbox
[1229/130017:ERROR:child_discardable_shared_memory_manager.cc(266)] size: 4194304
[1229/130018:ERROR:child_discardable_shared_memory_manager.cc(266)] size: 4194304
[1229/130020:INFO:CONSOLE(112)] "Uncaught RangeError: Maximum call stack size exceeded", source:  (112)
[1229/130021:ERROR:child_discardable_shared_memory_manager.cc(266)] size: 4194304
[1229/130023:INFO:CONSOLE(3)] "[object Object]", source: https://mat1.gtimg.com/pingjs/ext2020/dc2017/dist/m_tips/tips.js (3)
[1229/130023:INFO:CONSOLE(0)] "Mixed Content: The page at 'https://new.qq.com/omn/20181229/20181229A08KVM.html?pgv_ref=aio2015&ptlang=2052' was loaded over HTTPS, but requested an insecure image 'http://btrace.qq.com/kvcollect?BossId=3744&Pwd=2036264807&channel=new.qq.com&sop=pc_tips&url=https%3A%2F%2Fnew.qq.com%2Fomn%2F20181229%2F20181229A08KVM.html%3Fpgv_ref%3Daio2015%26ptlang%3D2052&product=1&ua_raw=Mozilla%2F5.0+(Windows+NT+10.0%3B+WOW64)+AppleWebKit%2F537.36+(KHTML%2C+like+Gecko)+Chrome%2F43.0.2357.134+Safari%2F537.36+QBCore%2F3.43.874.400+QQBrowser%2F9.0.2524.400&rand=0.9129463266581297&QQ=1329896242&surveyurl=https%3A%2F%2Fwj.qq.com%2Fs2%2F3018606%2Fd6cd%2F&s_action=expo&pagetype=dc&s_location=%E5%8C%97%E4%BA%AC%E5%B8%82'. This content should also be served over HTTPS.", source: https://new.qq.com/omn/20181229/20181229A08KVM.html?pgv_ref=aio2015&ptlang=2052 (0)
[1229/130025:INFO:CONSOLE(0)] "Mixed Content: The page at 'https://new.qq.com/omn/20181229/20181229A08KVM.html?pgv_ref=aio2015&ptlang=2052' was loaded over HTTPS, but requested an insecure video 'http://111.202.85.145/variety.tc.qq.com/A4jdUU_hRAD_orzLZh6RbeAPXtRCuNRgQ1JgNbjCTAeg/c0201mf63qi.p201.1.mp4?platform=70201&level=0&vkey=FD906867A88CAC986BCB4F862360912FFDF54401DBD08CE449DC1AFAB82349B04D3634AFD1D8CEA289C7C45AAECF8318553D904B1F98ECB3C8B3A8C43C4D112DBA4D2B828E8850871CB4C96C9D0302AAB56DBD222BB85E962B0AC346C04051CE13D5F777A2D71EC365FCA421B1E482EBE1228C15465A4F9E&sdtfrom=&fmt=shd'. This content should also be served over HTTPS.", source: https://new.qq.com/omn/20181229/20181229A08KVM.html?pgv_ref=aio2015&ptlang=2052 (0)
[1229/130025:ERROR:audio_low_latency_output_win.cc(181)] Bailing out due to non-perfect timing.  Buffer size of 480 is not an even divisor of 1056
[1229/130025:INFO:CONSOLE(0)] "Mixed Content: The page at 'https://new.qq.com/omn/20181229/20181229A08KVM.html?pgv_ref=aio2015&ptlang=2052' was loaded over HTTPS, but requested an insecure image 'http://cm.l.qq.com/?Bid=f4d5696444ef1184acc67176ebe9026c&uniquetimestamp=1546059625666'. This content should also be served over HTTPS.", source: https://new.qq.com/omn/20181229/20181229A08KVM.html?pgv_ref=aio2015&ptlang=2052 (0)
[1229/130025:INFO:CONSOLE(0)] "Mixed Content: The page at 'https://new.qq.com/omn/20181229/20181229A08KVM.html?pgv_ref=aio2015&ptlang=2052' was loaded over HTTPS, but requested an insecure image 'http://cm.l.qq.com/?Bid=dca6ea17cca2289887e097157db2998a&uniquetimestamp=1546059625666'. This content should also be served over HTTPS.", source: https://new.qq.com/omn/20181229/20181229A08KVM.html?pgv_ref=aio2015&ptlang=2052 (0)
[1229/130025:INFO:CONSOLE(0)] "Mixed Content: The page at 'https://new.qq.com/omn/20181229/20181229A08KVM.html?pgv_ref=aio2015&ptlang=2052' was loaded over HTTPS, but requested an insecure image 'http://tytx.m.cn.miaozhen.com/x/k=2108381&p=7KZjV&dx=&rt=2&ns=221.221.158.2&ni=PUB_4602682&v=__LOC__&xa=__ADPLATFORM__&tr=Ap7d3QAAXCb/ZwILqQEfg95LAa4L&mo=0&m0=&m0a=[DUID]&m1=&m1a=&m2=&m4=__AAID__&m5=&m6=&m6a=&txp=ca22f87b63ba1fdc110b188af4&o=?uniquetimestamp=1546059625666'. This content should also be served over HTTPS.", source: https://new.qq.com/omn/20181229/20181229A08KVM.html?pgv_ref=aio2015&ptlang=2052 (0)
[1229/130026:INFO:CONSOLE(0)] "Mixed Content: The page at 'https://new.qq.com/omn/20181229/20181229A08KVM.html?pgv_ref=aio2015&ptlang=2052' was loaded over HTTPS, but requested an insecure image 'http://p.tencentmind.com/p?oid=PUB_4602682&soid=Ap7d3QAAXCb/ZwILqQEfg95LAa4L&soidip=221.221.158.2&loc=LV_1001_LDVi_LD&lkey=4003&OpenUDID=&MAC=&IDFA=&IP=221.221.158.2&IMEI=&AndroidID=&uniquetimestamp=1546059625666'. This content should also be served over HTTPS.", source: https://new.qq.com/omn/20181229/20181229A08KVM.html?pgv_ref=aio2015&ptlang=2052 (0)
[1229/130027:INFO:CONSOLE(0)] "Mixed Content: The page at 'https://new.qq.com/omn/20181229/20181229A08KVM.html?pgv_ref=aio2015&ptlang=2052' was loaded over HTTPS, but requested an insecure image 'http://btrace.qq.com/kvcollect?BossId=3744&Pwd=2036264807&channel=new.qq.com&sop=pc_tips&url=https%3A%2F%2Fnew.qq.com%2Fomn%2F20181229%2F20181229A08KVM.html%3Fpgv_ref%3Daio2015%26ptlang%3D2052&product=1&ua_raw=Mozilla%2F5.0+(Windows+NT+10.0%3B+WOW64)+AppleWebKit%2F537.36+(KHTML%2C+like+Gecko)+Chrome%2F43.0.2357.134+Safari%2F537.36+QBCore%2F3.43.874.400+QQBrowser%2F9.0.2524.400&rand=0.9129463266581297&QQ=1329896242&surveyurl=https%3A%2F%2Fwj.qq.com%2Fs2%2F3018606%2Fd6cd%2F&s_action=click&pagetype=dc&s_location=%E5%8C%97%E4%BA%AC%E5%B8%82&reject=1'. This content should also be served over HTTPS.", source: https://new.qq.com/omn/20181229/20181229A08KVM.html?pgv_ref=aio2015&ptlang=2052 (0)
[1229/130027:INFO:CONSOLE(0)] "Mixed Content: The page at 'https://new.qq.com/omn/20181229/20181229A08KVM.html?pgv_ref=aio2015&ptlang=2052' was loaded over HTTPS, but requested an insecure image 'http://btrace.qq.com/kvcollect?BossId=3744&Pwd=2036264807&channel=new.qq.com&sop=pc_tips&url=https%3A%2F%2Fnew.qq.com%2Fomn%2F20181229%2F20181229A08KVM.html%3Fpgv_ref%3Daio2015%26ptlang%3D2052&product=1&ua_raw=Mozilla%2F5.0+(Windows+NT+10.0%3B+WOW64)+AppleWebKit%2F537.36+(KHTML%2C+like+Gecko)+Chrome%2F43.0.2357.134+Safari%2F537.36+QBCore%2F3.43.874.400+QQBrowser%2F9.0.2524.400&rand=0.9129463266581297&QQ=1329896242&surveyurl=https%3A%2F%2Fwj.qq.com%2Fs2%2F3018606%2Fd6cd%2F&s_action=click&pagetype=dc&s_location=%E5%8C%97%E4%BA%AC%E5%B8%82&reject=1'. This content should also be served over HTTPS.", source: https://new.qq.com/omn/20181229/20181229A08KVM.html?pgv_ref=aio2015&ptlang=2052 (0)
[1229/130028:ERROR:child_discardable_shared_memory_manager.cc(266)] size: 4194304
[1229/130029:INFO:CONSOLE(0)] "Mixed Content: The page at 'https://new.qq.com/omn/20181229/20181229A08KVM.html?pgv_ref=aio2015&ptlang=2052' was loaded over HTTPS, but requested an insecure video 'http://111.202.98.149/variety.tc.qq.com/A4jdUU_hRAD_orzLZh6RbeAPXtRCuNRgQ1JgNbjCTAeg/i0200nwhcmx.p201.1.mp4?platform=70201&vkey=F0A0BB64A194472AD5B2A3FF9E0C28CC20CE2A8AE3284D0DDD7F969902CE89463384680AF55FB08B0A6849A9FBB743BB8C89ECE3FFD76B61D84CF58CB077D553634C6ED2EF0ED646EC8F58186645D31580E11F75503CC57CC52E423D23FC734847E51EF06A47292B200DE0CA20367B69A1B06A5BD5021A1C&fmt=shd&sdtfrom=&level=0'. This content should also be served over HTTPS.", source: https://new.qq.com/omn/20181229/20181229A08KVM.html?pgv_ref=aio2015&ptlang=2052 (0)
[1229/130029:ERROR:child_discardable_shared_memory_manager.cc(266)] size: 4194304
[1229/130029:ERROR:child_discardable_shared_memory_manager.cc(266)] size: 4194304
[1229/130040:INFO:CONSOLE(0)] "Mixed Content: The page at 'https://new.qq.com/omn/20181229/20181229A08KVM.html?pgv_ref=aio2015&ptlang=2052' was loaded over HTTPS, but requested an insecure image 'http://cm.l.qq.com/?Bid=f4d5696444ef1184acc67176ebe9026c&uniquetimestamp=1546059640877'. This content should also be served over HTTPS.", source: https://new.qq.com/omn/20181229/20181229A08KVM.html?pgv_ref=aio2015&ptlang=2052 (0)
[1229/130040:INFO:CONSOLE(0)] "Mixed Content: The page at 'https://new.qq.com/omn/20181229/20181229A08KVM.html?pgv_ref=aio2015&ptlang=2052' was loaded over HTTPS, but requested an insecure image 'http://cm.l.qq.com/?Bid=dca6ea17cca2289887e097157db2998a&uniquetimestamp=1546059640877'. This content should also be served over HTTPS.", source: https://new.qq.com/omn/20181229/20181229A08KVM.html?pgv_ref=aio2015&ptlang=2052 (0)
[1229/130040:INFO:CONSOLE(0)] "Mixed Content: The page at 'https://new.qq.com/omn/20181229/20181229A08KVM.html?pgv_ref=aio2015&ptlang=2052' was loaded over HTTPS, but requested an insecure image 'http://vqq.admaster.com.cn/i/a120062,b3096031,c2083,i0,m202,8a1,8b1,0iPUB_4575454,1e1,1fca22f87b63ba1fdc110b188af4,hAp7d3QAAXCb/ZwILqQJstKSpAa4L?uniquetimestamp=1546059640877'. This content should also be served over HTTPS.", source: https://new.qq.com/omn/20181229/20181229A08KVM.html?pgv_ref=aio2015&ptlang=2052 (0)
[1229/130041:INFO:CONSOLE(0)] "Mixed Content: The page at 'https://new.qq.com/omn/20181229/20181229A08KVM.html?pgv_ref=aio2015&ptlang=2052' was loaded over HTTPS, but requested an insecure image 'http://p.tencentmind.com/p?oid=PUB_4575454&soid=Ap7d3QAAXCb/ZwILqQJstKSpAa4L&soidip=221.221.158.2&loc=LV_1001_LDVi_LD&lkey=4003&OpenUDID=&MAC=&IDFA=&IP=221.221.158.2&IMEI=&AndroidID=&uniquetimestamp=1546059640877'. This content should also be served over HTTPS.", source: https://new.qq.com/omn/20181229/20181229A08KVM.html?pgv_ref=aio2015&ptlang=2052 (0)
[1229/130042:ERROR:child_discardable_shared_memory_manager.cc(266)] size: 4194304
[1229/130126:ERROR:child_discardable_shared_memory_manager.cc(266)] size: 4194304
[1229/130126:ERROR:child_discardable_shared_memory_manager.cc(266)] size: 4194304
[1229/130137:ERROR:child_discardable_shared_memory_manager.cc(266)] size: 4194304
